Determining if the pthread_create exist failed with the following output:
Change Dir: /home/administrator/moos-ivp/mymoos/build/CMakeFiles/CMakeTmp

Run Build Command:"/usr/bin/gmake" "cmTC_e7291/fast"
gmake[1]: Entering directory '/home/administrator/moos-ivp/mymoos/build/CMakeFiles/CMakeTmp'
/usr/bin/gmake -f CMakeFiles/cmTC_e7291.dir/build.make CMakeFiles/cmTC_e7291.dir/build
gmake[2]: Entering directory '/home/administrator/moos-ivp/mymoos/build/CMakeFiles/CMakeTmp'
Building C object CMakeFiles/cmTC_e7291.dir/CheckSymbolExists.c.o
/usr/bin/cc     -o CMakeFiles/cmTC_e7291.dir/CheckSymbolExists.c.o   -c /home/administrator/moos-ivp/mymoos/build/CMakeFiles/CMakeTmp/CheckSymbolExists.c
Linking C executable cmTC_e7291
/usr/bin/cmake -E cmake_link_script CMakeFiles/cmTC_e7291.dir/link.txt --verbose=1
/usr/bin/cc       CMakeFiles/cmTC_e7291.dir/CheckSymbolExists.c.o  -o cmTC_e7291 -rdynamic 
CMakeFiles/cmTC_e7291.dir/CheckSymbolExists.c.o: In function `main':
CheckSymbolExists.c:(.text+0x16): undefined reference to `pthread_create'
collect2: error: ld returned 1 exit status
CMakeFiles/cmTC_e7291.dir/build.make:97: recipe for target 'cmTC_e7291' failed
gmake[2]: *** [cmTC_e7291] Error 1
gmake[2]: Leaving directory '/home/administrator/moos-ivp/mymoos/build/CMakeFiles/CMakeTmp'
Makefile:126: recipe for target 'cmTC_e7291/fast' failed
gmake[1]: *** [cmTC_e7291/fast] Error 2
gmake[1]: Leaving directory '/home/administrator/moos-ivp/mymoos/build/CMakeFiles/CMakeTmp'

File /home/administrator/moos-ivp/mymoos/build/CMakeFiles/CMakeTmp/CheckSymbolExists.c:
/* */
#include <pthread.h>

int main(int argc, char** argv)
{
  (void)argv;
#ifndef pthread_create
  return ((int*)(&pthread_create))[argc];
#else
  (void)argc;
  return 0;
#endif
}

